[debug] [2023-05-22T09:25:45.223Z] ----------------------------------------------------------------------
[debug] [2023-05-22T09:25:45.226Z] Command:       D:\Program Files\nodejs\node.exe C:\Users\arthu\AppData\Roaming\npm\node_modules\firebase-tools\lib\bin\firebase.js init functions
[debug] [2023-05-22T09:25:45.226Z] CLI Version:   12.1.0
[debug] [2023-05-22T09:25:45.227Z] Platform:      win32
[debug] [2023-05-22T09:25:45.227Z] Node Version:  v18.12.1
[debug] [2023-05-22T09:25:45.229Z] Time:          Mon May 22 2023 11:25:45 GMT+0200 (heure d’été d’Europe centrale)
[debug] [2023-05-22T09:25:45.229Z] ----------------------------------------------------------------------
[debug] 
[debug] [2023-05-22T09:25:45.249Z] > command requires scopes: ["email","openid","https://www.googleapis.com/auth/cloudplatformprojects.readonly","https://www.googleapis.com/auth/firebase","https://www.googleapis.com/auth/cloud-platform"]
[debug] [2023-05-22T09:25:45.250Z] > authorizing via signed-in user (arthur.ginesy@depinfonancy.net)
[info] 
     ######## #### ########  ######## ########     ###     ######  ########
     ##        ##  ##     ## ##       ##     ##  ##   ##  ##       ##
     ######    ##  ########  ######   ########  #########  ######  ######
     ##        ##  ##    ##  ##       ##     ## ##     ##       ## ##
     ##       #### ##     ## ######## ########  ##     ##  ######  ########

You're about to initialize a Firebase project in this directory:

  D:\arthu\Documents\2.Etudes\Mines\2A\S8\5_Advanced_SE\__github_repo__\CrousWaitingTime\video_processing

[info] 
=== Project Setup
[info] 
[info] First, let's associate this project directory with a Firebase project.
[info] You can create multiple project aliases by running firebase use --add, 
[info] but for now we'll just set up a default project.
[info] 
[debug] [2023-05-22T09:26:03.866Z] >>> [apiv2][query] GET https://firebase.googleapis.com/v1beta1/projects pageSize=100
[debug] [2023-05-22T09:26:04.414Z] <<< [apiv2][status] GET https://firebase.googleapis.com/v1beta1/projects 200
[debug] [2023-05-22T09:26:04.414Z] <<< [apiv2][body] GET https://firebase.googleapis.com/v1beta1/projects [omitted]
[info] i  Using project crous-wt (crous-wt) 
[info] 
=== Functions Setup
[debug] [2023-05-22T09:26:05.123Z] > command requires scopes: ["email","openid","https://www.googleapis.com/auth/cloudplatformprojects.readonly","https://www.googleapis.com/auth/firebase","https://www.googleapis.com/auth/cloud-platform"]
[debug] [2023-05-22T09:26:05.124Z] > authorizing via signed-in user (arthur.ginesy@depinfonancy.net)
[debug] [2023-05-22T09:26:05.124Z] [iam] checking project crous-wt for permissions ["firebase.projects.get"]
[debug] [2023-05-22T09:26:05.125Z] >>> [apiv2][query] POST https://cloudresourcemanager.googleapis.com/v1/projects/crous-wt:testIamPermissions [none]
[debug] [2023-05-22T09:26:05.125Z] >>> [apiv2][(partial)header] POST https://cloudresourcemanager.googleapis.com/v1/projects/crous-wt:testIamPermissions x-goog-quota-user=projects/crous-wt
[debug] [2023-05-22T09:26:05.125Z] >>> [apiv2][body] POST https://cloudresourcemanager.googleapis.com/v1/projects/crous-wt:testIamPermissions {"permissions":["firebase.projects.get"]}
[debug] [2023-05-22T09:26:05.755Z] <<< [apiv2][status] POST https://cloudresourcemanager.googleapis.com/v1/projects/crous-wt:testIamPermissions 200
[debug] [2023-05-22T09:26:05.755Z] <<< [apiv2][body] POST https://cloudresourcemanager.googleapis.com/v1/projects/crous-wt:testIamPermissions {"permissions":["firebase.projects.get"]}
[debug] [2023-05-22T09:26:05.755Z] >>> [apiv2][query] GET https://serviceusage.googleapis.com/v1/projects/crous-wt/services/cloudfunctions.googleapis.com [none]
[debug] [2023-05-22T09:26:05.756Z] >>> [apiv2][(partial)header] GET https://serviceusage.googleapis.com/v1/projects/crous-wt/services/cloudfunctions.googleapis.com x-goog-quota-user=projects/crous-wt
[debug] [2023-05-22T09:26:05.757Z] >>> [apiv2][query] GET https://serviceusage.googleapis.com/v1/projects/crous-wt/services/runtimeconfig.googleapis.com [none]
[debug] [2023-05-22T09:26:05.758Z] >>> [apiv2][(partial)header] GET https://serviceusage.googleapis.com/v1/projects/crous-wt/services/runtimeconfig.googleapis.com x-goog-quota-user=projects/crous-wt
[debug] [2023-05-22T09:26:06.552Z] <<< [apiv2][status] GET https://serviceusage.googleapis.com/v1/projects/crous-wt/services/runtimeconfig.googleapis.com 200
[debug] [2023-05-22T09:26:06.552Z] <<< [apiv2][body] GET https://serviceusage.googleapis.com/v1/projects/crous-wt/services/runtimeconfig.googleapis.com [omitted]
[debug] [2023-05-22T09:26:06.575Z] <<< [apiv2][status] GET https://serviceusage.googleapis.com/v1/projects/crous-wt/services/cloudfunctions.googleapis.com 200
[debug] [2023-05-22T09:26:06.575Z] <<< [apiv2][body] GET https://serviceusage.googleapis.com/v1/projects/crous-wt/services/cloudfunctions.googleapis.com [omitted]
[info] Let's create a new codebase for your functions.
[info] A directory corresponding to the codebase will be created in your project
[info] with sample code pre-configured.

[info] See https://firebase.google.com/docs/functions/organize-functions for
[info] more information on organizing your functions using codebases.

[info] Functions can be deployed with firebase deploy.

[info] +  Wrote functions/requirements.txt 
[info] +  Wrote functions/.gitignore 
[info] +  Wrote functions/main.py 
[debug] [2023-05-22T09:26:31.357Z] Running command with virtualenv: command="D:\arthu\Documents\2.Etudes\Mines\2A\S8\5_Advanced_SE\__github_repo__\CrousWaitingTime\video_processing\functions\venv\Scripts\activate.bat", args=["","&&","pip3","install","--upgrade","pip"]
[debug] [2023-05-22T09:26:44.183Z] Error: spawn "D:\arthu\Documents\2.Etudes\Mines\2A\S8\5_Advanced_SE\__github_repo__\CrousWaitingTime\video_processing\functions\venv\Scripts\activate.bat" ENOENT
    at notFoundError (C:\Users\arthu\AppData\Roaming\npm\node_modules\firebase-tools\node_modules\cross-spawn\lib\enoent.js:6:26)
    at verifyENOENT (C:\Users\arthu\AppData\Roaming\npm\node_modules\firebase-tools\node_modules\cross-spawn\lib\enoent.js:40:16)
    at cp.emit (C:\Users\arthu\AppData\Roaming\npm\node_modules\firebase-tools\node_modules\cross-spawn\lib\enoent.js:27:25)
    at ChildProcess._handle.onexit (node:internal/child_process:291:12)
[error] 
[error] Error: An unexpected error has occurred.
[debug] [2023-05-22T09:26:55.473Z] ----------------------------------------------------------------------
[debug] [2023-05-22T09:26:55.477Z] Command:       D:\Program Files\nodejs\node.exe C:\Users\arthu\AppData\Roaming\npm\node_modules\firebase-tools\lib\bin\firebase.js init functions
[debug] [2023-05-22T09:26:55.477Z] CLI Version:   12.1.0
[debug] [2023-05-22T09:26:55.478Z] Platform:      win32
[debug] [2023-05-22T09:26:55.478Z] Node Version:  v18.12.1
[debug] [2023-05-22T09:26:55.480Z] Time:          Mon May 22 2023 11:26:55 GMT+0200 (heure d’été d’Europe centrale)
[debug] [2023-05-22T09:26:55.480Z] ----------------------------------------------------------------------
[debug] 
[debug] [2023-05-22T09:26:55.498Z] > command requires scopes: ["email","openid","https://www.googleapis.com/auth/cloudplatformprojects.readonly","https://www.googleapis.com/auth/firebase","https://www.googleapis.com/auth/cloud-platform"]
[debug] [2023-05-22T09:26:55.499Z] > authorizing via signed-in user (arthur.ginesy@depinfonancy.net)
[info] 
     ######## #### ########  ######## ########     ###     ######  ########
     ##        ##  ##     ## ##       ##     ##  ##   ##  ##       ##
     ######    ##  ########  ######   ########  #########  ######  ######
     ##        ##  ##    ##  ##       ##     ## ##     ##       ## ##
     ##       #### ##     ## ######## ########  ##     ##  ######  ########

You're about to initialize a Firebase project in this directory:

  D:\arthu\Documents\2.Etudes\Mines\2A\S8\5_Advanced_SE\__github_repo__\CrousWaitingTime\video_processing

